Flow report for VitaPolyOne
Tue Nov 11 01:34:55 2014
Quartus II 32-bit Version 11.1 Build 173 11/01/2011 SJ Full Version


---------------------
; Table of Contents ;
---------------------
  1. Legal Notice
  2. Flow Summary
  3. Flow Settings
  4. Flow Non-Default Global Settings
  5. Flow Elapsed Time
  6. Flow OS Summary
  7. Flow Log



----------------
; Legal Notice ;
----------------
Copyright (C) 1991-2011 Altera Corporation
Your use of Altera Corporation's design tools, logic functions 
and other software and tools, and its AMPP partner logic 
functions, and any output files from any of the foregoing 
(including device programming or simulation files), and any 
associated documentation or information are expressly subject 
to the terms and conditions of the Altera Program License 
Subscription Agreement, Altera MegaCore Function License 
Agreement, or other applicable license agreement, including, 
without limitation, that your use is for the sole purpose of 
programming logic devices manufactured by Altera and sold by 
Altera or its authorized distributors.  Please refer to the 
applicable agreement for further details.



+--------------------------------------------------------------------------------+
; Flow Summary                                                                   ;
+------------------------------------+-------------------------------------------+
; Flow Status                        ; Successful - Tue Nov 11 01:34:53 2014     ;
; Quartus II 32-bit Version          ; 11.1 Build 173 11/01/2011 SJ Full Version ;
; Revision Name                      ; VitaPolyOne                               ;
; Top-level Entity Name              ; VitaPolyOne                               ;
; Family                             ; Cyclone IV E                              ;
; Device                             ; EP4CE10E22C8                              ;
; Timing Models                      ; Final                                     ;
; Total logic elements               ; 717 / 10,320 ( 7 % )                      ;
;     Total combinational functions  ; 643 / 10,320 ( 6 % )                      ;
;     Dedicated logic registers      ; 339 / 10,320 ( 3 % )                      ;
; Total registers                    ; 339                                       ;
; Total pins                         ; 26 / 92 ( 28 % )                          ;
; Total virtual pins                 ; 0                                         ;
; Total memory bits                  ; 4,096 / 423,936 ( < 1 % )                 ;
; Embedded Multiplier 9-bit elements ; 5 / 46 ( 11 % )                           ;
; Total PLLs                         ; 1 / 2 ( 50 % )                            ;
+------------------------------------+-------------------------------------------+


+-----------------------------------------+
; Flow Settings                           ;
+-------------------+---------------------+
; Option            ; Setting             ;
+-------------------+---------------------+
; Start date & time ; 11/11/2014 01:34:38 ;
; Main task         ; Compilation         ;
; Revision Name     ; VitaPolyOne         ;
+-------------------+---------------------+


+------------------------------------------------------------------------------------------------------------------------+
; Flow Non-Default Global Settings                                                                                       ;
+-------------------------------------+---------------------------------------+---------------+-------------+------------+
; Assignment Name                     ; Value                                 ; Default Value ; Entity Name ; Section Id ;
+-------------------------------------+---------------------------------------+---------------+-------------+------------+
; COMPILER_SIGNATURE_ID               ; 105996038739929.141565887814276       ; --            ; --          ; --         ;
; MAX_CORE_JUNCTION_TEMP              ; 85                                    ; --            ; --          ; --         ;
; MIN_CORE_JUNCTION_TEMP              ; 0                                     ; --            ; --          ; --         ;
; OUTPUT_IO_TIMING_FAR_END_VMEAS      ; Half Signal Swing                     ; --            ; --          ; --         ;
; OUTPUT_IO_TIMING_FAR_END_VMEAS      ; Half Signal Swing                     ; --            ; --          ; --         ;
; OUTPUT_IO_TIMING_NEAR_END_VMEAS     ; Half Vccio                            ; --            ; --          ; --         ;
; OUTPUT_IO_TIMING_NEAR_END_VMEAS     ; Half Vccio                            ; --            ; --          ; --         ;
; PARTITION_COLOR                     ; 16764057                              ; --            ; --          ; Top        ;
; PARTITION_FITTER_PRESERVATION_LEVEL ; PLACEMENT_AND_ROUTING                 ; --            ; --          ; Top        ;
; PARTITION_NETLIST_TYPE              ; SOURCE                                ; --            ; --          ; Top        ;
; POWER_BOARD_THERMAL_MODEL           ; None (CONSERVATIVE)                   ; --            ; --          ; --         ;
; POWER_PRESET_COOLING_SOLUTION       ; 23 MM HEAT SINK WITH 200 LFPM AIRFLOW ; --            ; --          ; --         ;
+-------------------------------------+---------------------------------------+---------------+-------------+------------+


+-------------------------------------------------------------------------------------------------------------------------------+
; Flow Elapsed Time                                                                                                             ;
+---------------------------+--------------+-------------------------+---------------------+------------------------------------+
; Module Name               ; Elapsed Time ; Average Processors Used ; Peak Virtual Memory ; Total CPU Time (on all processors) ;
+---------------------------+--------------+-------------------------+---------------------+------------------------------------+
; Analysis & Synthesis      ; 00:00:06     ; 1.0                     ; 311 MB              ; 00:00:06                           ;
; Fitter                    ; 00:00:05     ; 1.0                     ; 438 MB              ; 00:00:05                           ;
; Assembler                 ; 00:00:01     ; 1.0                     ; 275 MB              ; 00:00:01                           ;
; TimeQuest Timing Analyzer ; 00:00:03     ; 1.0                     ; 317 MB              ; 00:00:03                           ;
; Total                     ; 00:00:15     ; --                      ; --                  ; 00:00:15                           ;
+---------------------------+--------------+-------------------------+---------------------+------------------------------------+


+----------------------------------------------------------------------------------------+
; Flow OS Summary                                                                        ;
+---------------------------+------------------+-----------+------------+----------------+
; Module Name               ; Machine Hostname ; OS Name   ; OS Version ; Processor type ;
+---------------------------+------------------+-----------+------------+----------------+
; Analysis & Synthesis      ; sea-note         ; Windows 7 ; 6.1        ; x86_64         ;
; Fitter                    ; sea-note         ; Windows 7 ; 6.1        ; x86_64         ;
; Assembler                 ; sea-note         ; Windows 7 ; 6.1        ; x86_64         ;
; TimeQuest Timing Analyzer ; sea-note         ; Windows 7 ; 6.1        ; x86_64         ;
+---------------------------+------------------+-----------+------------+----------------+


------------
; Flow Log ;
------------
quartus_map --read_settings_files=on --write_settings_files=off VitaPolyOne -c VitaPolyOne
quartus_fit --read_settings_files=off --write_settings_files=off VitaPolyOne -c VitaPolyOne
quartus_asm --read_settings_files=off --write_settings_files=off VitaPolyOne -c VitaPolyOne
quartus_sta VitaPolyOne -c VitaPolyOne



